<?xml version="1.0" encoding="utf-8" ?>
<!DOCTYPE mapper PUBLIC "-//mybatis.org//DTD Mapper 3.0//EN" "http://mybatis.org/dtd/mybatis-3-mapper.dtd">
<mapper namespace="com.fc.dao.UserDao">

    <insert id="addUser" parameterType="com.fc.bean.User" useGeneratedKeys="true" keyProperty="id">
        INSERT INTO temp_user
        (real_name,sex,age,create_time,update_time,login_name,login_password,role)
        VALUES
        (#{realName},#{sex},#{age},now(),now(),#{loginName},#{loginPassword},#{role})
    </insert>

    <!-- trim去掉多余的符号 -->
    <select id="queryUser" resultType="USER">
        SELECT
          id,
          real_name,
          sex sex,
          age age,
          login_name,
          login_password,
          create_time,
          update_time
        from temp_user
        <trim prefix="where" prefixOverrides="and">
            <if test="realName != null and realName != '' ">
                and real_name = #{realName}
            </if>
            <if test="loginName != null and loginName != '' ">
                and login_name = #{loginName}
            </if>
        </trim>
    </select>

    <select id="checkLoginIsRight" parameterType="com.fc.bean.User" resultType="java.lang.Integer">
        SELECT
            COUNT(*)
        FROM
            temp_user
        WHERE
            login_name = #{loginName}
        AND
            login_password = #{loginPassword}
    </select>

    <insert id="insertFileInfo" parameterType="com.fc.bean.FileDO" useGeneratedKeys="true" keyProperty="id">
        INSERT INTO TEMP_FILE_INFO
        (tfsName, fileName, size, ext)
        VALUES
        (#{tfsName}, #{fileName}, #{size}, #{type})
    </insert>

    <select id="testForEach" resultType="com.fc.bean.FileDO">
        SELECT
            id,
            tfsName,
            fileName,
            size,
            ext as type
        from TEMP_FILE_INFO
        where ext = 'doc'
        AND
        <choose>
            <when test="list != null and list.size > 0 and list.get(0).size > 0">
                <foreach collection="list" item="set" separator="or">
                    tfsName in
                    <foreach collection="set" item="tfsName" open="(" separator="," close=")">
                        #{tfsName}
                    </foreach>
                </foreach>
            </when>
            <otherwise>
                tfsName in (null)
            </otherwise>
        </choose>
    </select>

    <select id="queryAllFiles" resultType="com.fc.bean.FileDO">
        SELECT
            id,
            tfsName,
            fileName,
            size,
            ext as type
        FROM
            TEMP_FILE_INFO
    </select>
</mapper>